<?xml version="1.0" encoding="UTF-8"?>
<!-- Generated by org.testng.reporters.JUnitReportReporter -->
<testsuite skipped="0" hostname="DESKTOP-00U40SA" name="registrationflows.UpgradeSubscription" tests="1" failures="0" timestamp="12 Apr 2019 16:54:38 GMT" time="61.785" errors="0">
  <testcase name="UpgradeSubscriptioPositive" time="61.785" classname="registrationflows.UpgradeSubscription"/>
</testsuite> <!-- registrationflows.UpgradeSubscription -->
